<?xml version="1.0" encoding="UTF-8"?>
<testsuite xmlns:xsi="http://www.w3.org/2001/XMLSchema-instance" xsi:noNamespaceSchemaLocation="https://maven.apache.org/surefire/maven-surefire-plugin/xsd/surefire-test-report-3.0.xsd" version="3.0" name="com.example.productmicro.ProductMicroApplicationTests" time="7.381" tests="1" errors="0" skipped="0" failures="0">
  <properties>
[...]
</properties>
  <testcase name="contextLoads" classname="com.example.productmicro.ProductMicroApplicationTests" time="0.561">
    <system-out><![CDATA[Standard Commons Logging discovery in action with spring-jcl: please remove commons-logging.jar from classpath in order to avoid potential conflicts
21:32:30.486 [main] INFO org.springframework.test.context.support.AnnotationConfigContextLoaderUtils -- Could not detect default configuration classes for test class [com.example.productmicro.ProductMicroApplicationTests]: ProductMicroApplicationTests does not declare any static, non-private, non-final, nested classes annotated with @Configuration.
21:32:30.653 [main] INFO org.springframework.boot.test.context.SpringBootTestContextBootstrapper -- Found @SpringBootConfiguration com.example.productmicro.ProductMicroApplication for test class com.example.productmicro.ProductMicroApplicationTests
21:32:30.895 [main] INFO org.springframework.boot.devtools.restart.RestartApplicationListener -- Restart disabled due to context in which it is running

  .   ____          _            __ _ _
 /\\ / ___'_ __ _ _(_)_ __  __ _ \ \ \ \
( ( )\___ | '_ | '_| | '_ \/ _` | \ \ \ \
 \\/  ___)| |_)| | | | | || (_| |  ) ) ) )
  '  |____| .__|_| |_|_| |_\__, | / / / /
 =========|_|==============|___/=/_/_/_/
 :: Spring Boot ::                (v3.1.5)

2023-10-26T21:32:32.557+02:00  INFO 24080 --- [           main] c.e.p.ProductMicroApplicationTests       : Starting ProductMicroApplicationTests using Java 18.0.1.1 with PID 24080 (started by RBSaad in C:\Users\RBSaad\Documents\projects\MicroserviceProject\ProductMicro)
2023-10-26T21:32:32.558+02:00  INFO 24080 --- [           main] c.e.p.ProductMicroApplicationTests       : No active profile set, falling back to 1 default profile: "default"
2023-10-26T21:32:33.359+02:00  INFO 24080 --- [           main] .s.d.r.c.RepositoryConfigurationDelegate : Bootstrapping Spring Data JPA repositories in DEFAULT mode.
2023-10-26T21:32:33.546+02:00  INFO 24080 --- [           main] .s.d.r.c.RepositoryConfigurationDelegate : Finished Spring Data repository scanning in 169 ms. Found 1 JPA repository interfaces.
2023-10-26T21:32:34.091+02:00  INFO 24080 --- [           main] o.hibernate.jpa.internal.util.LogHelper  : HHH000204: Processing PersistenceUnitInfo [name: default]
2023-10-26T21:32:34.155+02:00  INFO 24080 --- [           main] org.hibernate.Version                    : HHH000412: Hibernate ORM core version 6.2.13.Final
2023-10-26T21:32:34.159+02:00  INFO 24080 --- [           main] org.hibernate.cfg.Environment            : HHH000406: Using bytecode reflection optimizer
2023-10-26T21:32:34.602+02:00  INFO 24080 --- [           main] o.s.o.j.p.SpringPersistenceUnitInfo      : No LoadTimeWeaver setup: ignoring JPA class transformer
2023-10-26T21:32:34.641+02:00  INFO 24080 --- [           main] com.zaxxer.hikari.HikariDataSource       : HikariPool-1 - Starting...
2023-10-26T21:32:34.879+02:00  INFO 24080 --- [           main] com.zaxxer.hikari.pool.HikariPool        : HikariPool-1 - Added connection conn0: url=jdbc:h2:mem:testdb user=RIM
2023-10-26T21:32:34.881+02:00  INFO 24080 --- [           main] com.zaxxer.hikari.HikariDataSource       : HikariPool-1 - Start completed.
2023-10-26T21:32:34.907+02:00  WARN 24080 --- [           main] org.hibernate.orm.deprecation            : HHH90000025: H2Dialect does not need to be specified explicitly using 'hibernate.dialect' (remove the property setting and it will be selected by default)
2023-10-26T21:32:35.791+02:00  INFO 24080 --- [           main] o.h.e.t.j.p.i.JtaPlatformInitiator       : HHH000489: No JTA platform available (set 'hibernate.transaction.jta.platform' to enable JTA platform integration)
Hibernate: create table product (id_product integer generated by default as identity, description varchar(255), image_url varchar(255), name varchar(255), price float(53) not null, quantity integer not null, weight float(53) not null, primary key (id_product))
2023-10-26T21:32:35.850+02:00  INFO 24080 --- [           main] j.LocalContainerEntityManagerFactoryBean : Initialized JPA EntityManagerFactory for persistence unit 'default'
2023-10-26T21:32:36.413+02:00  WARN 24080 --- [           main] JpaBaseConfiguration$JpaWebConfiguration : spring.jpa.open-in-view is enabled by default. Therefore, database queries may be performed during view rendering. Explicitly configure spring.jpa.open-in-view to disable this warning
2023-10-26T21:32:36.931+02:00  INFO 24080 --- [           main] o.s.b.a.h2.H2ConsoleAutoConfiguration    : H2 console available at '/h2'. Database available at 'jdbc:h2:mem:testdb'
2023-10-26T21:32:37.005+02:00  INFO 24080 --- [           main] c.e.p.ProductMicroApplicationTests       : Started ProductMicroApplicationTests in 6.127 seconds (process running for 7.477)
]]></system-out>
  </testcase>
</testsuite>